<?xml version="1.0" encoding="UTF-8"?>
<!-- Generated by org.testng.reporters.JUnitXMLReporter -->
<testsuite hostname="DESKTOP-M4N8ONB" ignored="0" name="Test" tests="10" failures="0" timestamp="15 Jan 2020 09:28:41 GMT" time="520.334" errors="0">
  <testcase name="validatehomePageTest" time="11.512" classname="com.amazon.testcases.HomePageTest"/>
  <testcase name="searchResultTest" time="0.326" classname="com.amazon.testcases.ResultPageTest"/>
  <testcase name="verifyAddCart" time="2.247" classname="com.amazon.testcases.CartPageTest"/>
  <testcase name="verifyPriceOfItemTest" time="11.62" classname="com.amazon.testcases.OrderPageTest"/>
  <testcase name="searchItemTest" time="7.348" classname="com.amazon.testcases.HomePageTest"/>
  <testcase name="sortByItemTest" time="0.583" classname="com.amazon.testcases.ResultPageTest"/>
  <testcase name="verifyProductName" time="7.157" classname="com.amazon.testcases.OrderPageTest"/>
  <testcase name="SearchItemTest" time="0.741" classname="com.amazon.testcases.ResultPageTest"/>
  <testcase name="verifyTabItemTest" time="5.348" classname="com.amazon.testcases.OrderPageTest"/>
  <testcase name="addItemTest" time="6.141" classname="com.amazon.testcases.OrderPageTest"/>
</testsuite> <!-- Test -->
