<?xml version="1.0" encoding="UTF-8"?>
<!-- Generated by org.testng.reporters.JUnitXMLReporter -->
<testsuite hostname="DESKTOP-M4N8ONB" ignored="0" name="Test" tests="10" failures="0" timestamp="16 Jan 2020 11:29:38 GMT" time="408.554" errors="0">
  <testcase name="validatehomePageTest" time="3.567" classname="com.amazon.testcases.HomePageTest"/>
  <testcase name="searchResultTest" time="0.145" classname="com.amazon.testcases.ResultPageTest"/>
  <testcase name="verifyAddCart" time="2.304" classname="com.amazon.testcases.CartPageTest"/>
  <testcase name="verifyPriceOfItemTest" time="6.792" classname="com.amazon.testcases.OrderPageTest"/>
  <testcase name="searchItemTest" time="7.734" classname="com.amazon.testcases.HomePageTest"/>
  <testcase name="sortByItemTest" time="1.476" classname="com.amazon.testcases.ResultPageTest"/>
  <testcase name="verifyProductName" time="6.772" classname="com.amazon.testcases.OrderPageTest"/>
  <testcase name="SearchItemTest" time="0.695" classname="com.amazon.testcases.ResultPageTest"/>
  <testcase name="verifyTabItemTest" time="8.357" classname="com.amazon.testcases.OrderPageTest"/>
  <testcase name="addItemTest" time="9.744" classname="com.amazon.testcases.OrderPageTest"/>
</testsuite> <!-- Test -->
