<?xml version="1.0" encoding="UTF-8"?>
<testng-results skipped="0" failed="0" ignored="0" total="10" passed="10">
  <reporter-output>
  </reporter-output>
  <suite name="Suite" duration-ms="408554" started-at="2020-01-16T11:22:46Z" finished-at="2020-01-16T11:29:35Z">
    <groups>
    </groups>
    <test name="Test" duration-ms="408554" started-at="2020-01-16T11:22:46Z" finished-at="2020-01-16T11:29:35Z">
      <class name="com.amazon.testcases.CartPageTest">
        <test-method status="PASS" signature="setup()[pri:0, instance:com.amazon.testcases.CartPageTest@10bbd20a]" name="setup" is-config="true" duration-ms="54156" started-at="2020-01-16T11:24:04Z" finished-at="2020-01-16T11:24:58Z">
          <reporter-output>
          </reporter-output>
        </test-method> <!-- setup -->
        <test-method status="PASS" signature="verifyAddCart()[pri:1, instance:com.amazon.testcases.CartPageTest@10bbd20a]" name="verifyAddCart" duration-ms="2304" started-at="2020-01-16T11:24:58Z" finished-at="2020-01-16T11:25:01Z">
          <reporter-output>
          </reporter-output>
        </test-method> <!-- verifyAddCart -->
        <test-method status="PASS" signature="teardown()[pri:0, instance:com.amazon.testcases.CartPageTest@10bbd20a]" name="teardown" is-config="true" duration-ms="2421" started-at="2020-01-16T11:25:01Z" finished-at="2020-01-16T11:25:03Z">
          <reporter-output>
          </reporter-output>
        </test-method> <!-- teardown -->
      </class> <!-- com.amazon.testcases.CartPageTest -->
      <class name="com.amazon.testcases.OrderPageTest">
        <test-method status="PASS" signature="setup()[pri:0, instance:com.amazon.testcases.OrderPageTest@48503868]" name="setup" is-config="true" duration-ms="22197" started-at="2020-01-16T11:25:03Z" finished-at="2020-01-16T11:25:25Z">
          <reporter-output>
          </reporter-output>
        </test-method> <!-- setup -->
        <test-method status="PASS" signature="verifyPriceOfItemTest()[pri:1, instance:com.amazon.testcases.OrderPageTest@48503868]" name="verifyPriceOfItemTest" duration-ms="6792" started-at="2020-01-16T11:25:25Z" finished-at="2020-01-16T11:25:32Z">
          <reporter-output>
          </reporter-output>
        </test-method> <!-- verifyPriceOfItemTest -->
        <test-method status="PASS" signature="teardown()[pri:0, instance:com.amazon.testcases.OrderPageTest@48503868]" name="teardown" is-config="true" duration-ms="1534" started-at="2020-01-16T11:25:32Z" finished-at="2020-01-16T11:25:34Z">
          <reporter-output>
          </reporter-output>
        </test-method> <!-- teardown -->
        <test-method status="PASS" signature="setup()[pri:0, instance:com.amazon.testcases.OrderPageTest@48503868]" name="setup" is-config="true" duration-ms="33274" started-at="2020-01-16T11:26:42Z" finished-at="2020-01-16T11:27:15Z">
          <reporter-output>
          </reporter-output>
        </test-method> <!-- setup -->
        <test-method status="PASS" signature="verifyProductName()[pri:2, instance:com.amazon.testcases.OrderPageTest@48503868]" name="verifyProductName" duration-ms="6772" started-at="2020-01-16T11:27:15Z" finished-at="2020-01-16T11:27:22Z">
          <reporter-output>
          </reporter-output>
        </test-method> <!-- verifyProductName -->
        <test-method status="PASS" signature="teardown()[pri:0, instance:com.amazon.testcases.OrderPageTest@48503868]" name="teardown" is-config="true" duration-ms="2087" started-at="2020-01-16T11:27:22Z" finished-at="2020-01-16T11:27:24Z">
          <reporter-output>
          </reporter-output>
        </test-method> <!-- teardown -->
        <test-method status="PASS" signature="setup()[pri:0, instance:com.amazon.testcases.OrderPageTest@48503868]" name="setup" is-config="true" duration-ms="32241" started-at="2020-01-16T11:27:55Z" finished-at="2020-01-16T11:28:27Z">
          <reporter-output>
          </reporter-output>
        </test-method> <!-- setup -->
        <test-method status="PASS" signature="verifyTabItemTest()[pri:3, instance:com.amazon.testcases.OrderPageTest@48503868]" name="verifyTabItemTest" duration-ms="8357" started-at="2020-01-16T11:28:27Z" finished-at="2020-01-16T11:28:35Z">
          <reporter-output>
          </reporter-output>
        </test-method> <!-- verifyTabItemTest -->
        <test-method status="PASS" signature="teardown()[pri:0, instance:com.amazon.testcases.OrderPageTest@48503868]" name="teardown" is-config="true" duration-ms="3389" started-at="2020-01-16T11:28:35Z" finished-at="2020-01-16T11:28:39Z">
          <reporter-output>
          </reporter-output>
        </test-method> <!-- teardown -->
        <test-method status="PASS" signature="setup()[pri:0, instance:com.amazon.testcases.OrderPageTest@48503868]" name="setup" is-config="true" duration-ms="44226" started-at="2020-01-16T11:28:39Z" finished-at="2020-01-16T11:29:23Z">
          <reporter-output>
          </reporter-output>
        </test-method> <!-- setup -->
        <test-method status="PASS" signature="addItemTest()[pri:4, instance:com.amazon.testcases.OrderPageTest@48503868]" name="addItemTest" duration-ms="9744" started-at="2020-01-16T11:29:23Z" finished-at="2020-01-16T11:29:33Z">
          <reporter-output>
          </reporter-output>
        </test-method> <!-- addItemTest -->
        <test-method status="PASS" signature="teardown()[pri:0, instance:com.amazon.testcases.OrderPageTest@48503868]" name="teardown" is-config="true" duration-ms="2348" started-at="2020-01-16T11:29:33Z" finished-at="2020-01-16T11:29:35Z">
          <reporter-output>
          </reporter-output>
        </test-method> <!-- teardown -->
      </class> <!-- com.amazon.testcases.OrderPageTest -->
      <class name="com.amazon.testcases.ResultPageTest">
        <test-method status="PASS" signature="setup()[pri:0, instance:com.amazon.testcases.ResultPageTest@64729b1e]" name="setup" is-config="true" duration-ms="35710" started-at="2020-01-16T11:23:26Z" finished-at="2020-01-16T11:24:02Z">
          <reporter-output>
          </reporter-output>
        </test-method> <!-- setup -->
        <test-method status="PASS" signature="searchResultTest()[pri:1, instance:com.amazon.testcases.ResultPageTest@64729b1e]" name="searchResultTest" duration-ms="145" started-at="2020-01-16T11:24:02Z" finished-at="2020-01-16T11:24:02Z">
          <reporter-output>
          </reporter-output>
        </test-method> <!-- searchResultTest -->
        <test-method status="PASS" signature="teardown()[pri:0, instance:com.amazon.testcases.ResultPageTest@64729b1e]" name="teardown" is-config="true" duration-ms="2586" started-at="2020-01-16T11:24:02Z" finished-at="2020-01-16T11:24:04Z">
          <reporter-output>
          </reporter-output>
        </test-method> <!-- teardown -->
        <test-method status="PASS" signature="setup()[pri:0, instance:com.amazon.testcases.ResultPageTest@64729b1e]" name="setup" is-config="true" duration-ms="38163" started-at="2020-01-16T11:26:00Z" finished-at="2020-01-16T11:26:38Z">
          <reporter-output>
          </reporter-output>
        </test-method> <!-- setup -->
        <test-method status="PASS" signature="sortByItemTest()[pri:2, instance:com.amazon.testcases.ResultPageTest@64729b1e]" name="sortByItemTest" duration-ms="1476" started-at="2020-01-16T11:26:38Z" finished-at="2020-01-16T11:26:39Z">
          <reporter-output>
          </reporter-output>
        </test-method> <!-- sortByItemTest -->
        <test-method status="PASS" signature="teardown()[pri:0, instance:com.amazon.testcases.ResultPageTest@64729b1e]" name="teardown" is-config="true" duration-ms="2284" started-at="2020-01-16T11:26:39Z" finished-at="2020-01-16T11:26:42Z">
          <reporter-output>
          </reporter-output>
        </test-method> <!-- teardown -->
        <test-method status="PASS" signature="setup()[pri:0, instance:com.amazon.testcases.ResultPageTest@64729b1e]" name="setup" is-config="true" duration-ms="29055" started-at="2020-01-16T11:27:24Z" finished-at="2020-01-16T11:27:53Z">
          <reporter-output>
          </reporter-output>
        </test-method> <!-- setup -->
        <test-method status="PASS" signature="SearchItemTest()[pri:3, instance:com.amazon.testcases.ResultPageTest@64729b1e]" name="SearchItemTest" duration-ms="695" started-at="2020-01-16T11:27:53Z" finished-at="2020-01-16T11:27:53Z">
          <reporter-output>
          </reporter-output>
        </test-method> <!-- SearchItemTest -->
        <test-method status="PASS" signature="teardown()[pri:0, instance:com.amazon.testcases.ResultPageTest@64729b1e]" name="teardown" is-config="true" duration-ms="1299" started-at="2020-01-16T11:27:53Z" finished-at="2020-01-16T11:27:55Z">
          <reporter-output>
          </reporter-output>
        </test-method> <!-- teardown -->
      </class> <!-- com.amazon.testcases.ResultPageTest -->
      <class name="com.amazon.testcases.HomePageTest">
        <test-method status="PASS" signature="setup()[pri:0, instance:com.amazon.testcases.HomePageTest@4e7dc304]" name="setup" is-config="true" duration-ms="30499" started-at="2020-01-16T11:22:47Z" finished-at="2020-01-16T11:23:17Z">
          <reporter-output>
          </reporter-output>
        </test-method> <!-- setup -->
        <test-method status="PASS" signature="validatehomePageTest()[pri:1, instance:com.amazon.testcases.HomePageTest@4e7dc304]" name="validatehomePageTest" duration-ms="3567" started-at="2020-01-16T11:23:17Z" finished-at="2020-01-16T11:23:21Z">
          <reporter-output>
          </reporter-output>
        </test-method> <!-- validatehomePageTest -->
        <test-method status="PASS" signature="teardown()[pri:0, instance:com.amazon.testcases.HomePageTest@4e7dc304]" name="teardown" is-config="true" duration-ms="5264" started-at="2020-01-16T11:23:21Z" finished-at="2020-01-16T11:23:26Z">
          <reporter-output>
          </reporter-output>
        </test-method> <!-- teardown -->
        <test-method status="PASS" signature="setup()[pri:0, instance:com.amazon.testcases.HomePageTest@4e7dc304]" name="setup" is-config="true" duration-ms="16281" started-at="2020-01-16T11:25:34Z" finished-at="2020-01-16T11:25:50Z">
          <reporter-output>
          </reporter-output>
        </test-method> <!-- setup -->
        <test-method status="PASS" signature="searchItemTest()[pri:2, instance:com.amazon.testcases.HomePageTest@4e7dc304]" name="searchItemTest" duration-ms="7734" started-at="2020-01-16T11:25:50Z" finished-at="2020-01-16T11:25:58Z">
          <reporter-output>
          </reporter-output>
        </test-method> <!-- searchItemTest -->
        <test-method status="PASS" signature="teardown()[pri:0, instance:com.amazon.testcases.HomePageTest@4e7dc304]" name="teardown" is-config="true" duration-ms="1908" started-at="2020-01-16T11:25:58Z" finished-at="2020-01-16T11:26:00Z">
          <reporter-output>
          </reporter-output>
        </test-method> <!-- teardown -->
      </class> <!-- com.amazon.testcases.HomePageTest -->
    </test> <!-- Test -->
  </suite> <!-- Suite -->
</testng-results>
