<?xml version="1.0" encoding="UTF-8"?>
<testng-results skipped="0" failed="0" ignored="0" total="1" passed="1">
  <reporter-output>
  </reporter-output>
  <suite name="Default suite" duration-ms="95061" started-at="2020-01-17T04:49:23Z" finished-at="2020-01-17T04:50:58Z">
    <groups>
    </groups>
    <test name="Default test" duration-ms="95061" started-at="2020-01-17T04:49:23Z" finished-at="2020-01-17T04:50:58Z">
      <class name="com.amazon.testcases.DeliveryPageTest">
        <test-method status="PASS" signature="setup()[pri:0, instance:com.amazon.testcases.DeliveryPageTest@4923ab24]" name="setup" is-config="true" duration-ms="87805" started-at="2020-01-17T04:49:23Z" finished-at="2020-01-17T04:50:51Z">
          <reporter-output>
          </reporter-output>
        </test-method> <!-- setup -->
        <test-method status="PASS" signature="addressVerify()[pri:1, instance:com.amazon.testcases.DeliveryPageTest@4923ab24]" name="addressVerify" duration-ms="7164" started-at="2020-01-17T04:50:51Z" finished-at="2020-01-17T04:50:58Z">
          <reporter-output>
          </reporter-output>
        </test-method> <!-- addressVerify -->
      </class> <!-- com.amazon.testcases.DeliveryPageTest -->
    </test> <!-- Default test -->
  </suite> <!-- Default suite -->
</testng-results>
